2025-02-20 00:04:28 - INFO - Starting EurekaServerManagementApplication using Java 23.0.2 with PID 9508 (C:\Users\Administrator\Documents\MAYBANK_PROJECT\eureka-server-management\target\classes started by Administrator in C:\Users\Administrator\Documents\MAYBANK_PROJECT\eureka-server-management)
2025-02-20 00:04:28 - INFO - Starting EurekaServerManagementApplication using Java 23.0.2 with PID 9508 (C:\Users\Administrator\Documents\MAYBANK_PROJECT\eureka-server-management\target\classes started by Administrator in C:\Users\Administrator\Documents\MAYBANK_PROJECT\eureka-server-management)
2025-02-20 00:04:28 - DEBUG - Running with Spring Boot v3.4.2, Spring v6.2.2
2025-02-20 00:04:28 - DEBUG - Running with Spring Boot v3.4.2, Spring v6.2.2
2025-02-20 00:04:28 - INFO - No active profile set, falling back to 1 default profile: "default"
2025-02-20 00:04:28 - INFO - No active profile set, falling back to 1 default profile: "default"
2025-02-20 00:04:40 - INFO - BeanFactory id=50c16807-1c6e-392c-bb47-6eb6429f3762
2025-02-20 00:04:43 - INFO - Tomcat initialized with port 8761 (http)
2025-02-20 00:04:43 - INFO - Initializing ProtocolHandler ["http-nio-8761"]
2025-02-20 00:04:43 - INFO - Starting service [Tomcat]
2025-02-20 00:04:43 - INFO - Starting Servlet engine: [Apache Tomcat/10.1.34]
2025-02-20 00:04:44 - INFO - Initializing Spring embedded WebApplicationContext
2025-02-20 00:04:44 - INFO - Root WebApplicationContext: initialization completed in 14787 ms
2025-02-20 00:04:58 - INFO - Using JSON encoding codec LegacyJacksonJson
2025-02-20 00:04:58 - INFO - Using JSON decoding codec LegacyJacksonJson
2025-02-20 00:05:01 - INFO - Using XML encoding codec XStreamXml
2025-02-20 00:05:01 - INFO - Using XML decoding codec XStreamXml
2025-02-20 00:05:04 - INFO - Failed to set up a Bean Validation provider: jakarta.validation.NoProviderFoundException: Unable to create a Configuration, because no Jakarta Bean Validation provider could be found. Add a provider like Hibernate Validator (RI) to your classpath.
2025-02-20 00:05:11 - WARN - Spring Cloud LoadBalancer is currently working with the default cache. While this cache implementation is useful for development and tests, it's recommended to use Caffeine cache in production.You can switch to using Caffeine cache, by adding it and org.springframework.cache.caffeine.CaffeineCacheManager to the classpath.
2025-02-20 00:05:11 - INFO - Setting initial instance status as: STARTING
2025-02-20 00:05:11 - INFO - Initializing Eureka in region us-east-1
2025-02-20 00:05:11 - INFO - Client configured to neither register nor query for data.
2025-02-20 00:05:11 - INFO - Discovery Client initialized at timestamp 1739981111949 with initial instances count: 0
2025-02-20 00:05:12 - INFO - Initializing ...
2025-02-20 00:05:12 - WARN - The replica size seems to be empty. Check the route 53 DNS Registry
2025-02-20 00:05:12 - INFO - Finished initializing remote region registries. All known remote regions: []
2025-02-20 00:05:12 - INFO - Initialized
2025-02-20 00:05:12 - INFO - Exposing 1 endpoint beneath base path '/actuator'
2025-02-20 00:05:12 - INFO - Registering application UNKNOWN with eureka with status UP
2025-02-20 00:05:12 - INFO - Starting ProtocolHandler ["http-nio-8761"]
2025-02-20 00:05:13 - INFO - Unregistering application UNKNOWN with eureka with status DOWN
2025-02-20 00:05:13 - WARN - Exception encountered during context initialization - cancelling refresh attempt: org.springframework.context.ApplicationContextException: Failed to start bean 'webServerStartStop'
2025-02-20 00:05:13 - INFO - isAws returned false
2025-02-20 00:05:13 - INFO - Initialized server context
2025-02-20 00:05:13 - INFO - Got 1 instances from neighboring DS node
2025-02-20 00:05:13 - INFO - Shutting down ...
2025-02-20 00:05:13 - INFO - Renew threshold is: 1
2025-02-20 00:05:13 - INFO - Changing status to UP
2025-02-20 00:05:13 - ERROR - Cannot bootstrap eureka server :
java.lang.IllegalStateException: Timer already cancelled.
	at java.base/java.util.Timer.sched(Timer.java:408)
	at java.base/java.util.Timer.schedule(Timer.java:259)
	at com.netflix.eureka.registry.AbstractInstanceRegistry.postInit(AbstractInstanceRegistry.java:1226)
	at com.netflix.eureka.registry.PeerAwareInstanceRegistryImpl.openForTraffic(PeerAwareInstanceRegistryImpl.java:259)
	at org.springframework.cloud.netflix.eureka.server.InstanceRegistry.openForTraffic(InstanceRegistry.java:77)
	at org.springframework.cloud.netflix.eureka.server.EurekaServerBootstrap.initEurekaServerContext(EurekaServerBootstrap.java:112)
	at org.springframework.cloud.netflix.eureka.server.EurekaServerBootstrap.contextInitialized(EurekaServerBootstrap.java:70)
	at org.springframework.cloud.netflix.eureka.server.EurekaServerInitializerConfiguration.lambda$start$0(EurekaServerInitializerConfiguration.java:67)
	at java.base/java.lang.Thread.run(Thread.java:1575)
2025-02-20 00:05:13 - ERROR - Could not initialize Eureka servlet context
java.lang.RuntimeException: Cannot bootstrap eureka server :
	at org.springframework.cloud.netflix.eureka.server.EurekaServerBootstrap.contextInitialized(EurekaServerBootstrap.java:76)
	at org.springframework.cloud.netflix.eureka.server.EurekaServerInitializerConfiguration.lambda$start$0(EurekaServerInitializerConfiguration.java:67)
	at java.base/java.lang.Thread.run(Thread.java:1575)
Caused by: java.lang.IllegalStateException: Timer already cancelled.
	at java.base/java.util.Timer.sched(Timer.java:408)
	at java.base/java.util.Timer.schedule(Timer.java:259)
	at com.netflix.eureka.registry.AbstractInstanceRegistry.postInit(AbstractInstanceRegistry.java:1226)
	at com.netflix.eureka.registry.PeerAwareInstanceRegistryImpl.openForTraffic(PeerAwareInstanceRegistryImpl.java:259)
	at org.springframework.cloud.netflix.eureka.server.InstanceRegistry.openForTraffic(InstanceRegistry.java:77)
	at org.springframework.cloud.netflix.eureka.server.EurekaServerBootstrap.initEurekaServerContext(EurekaServerBootstrap.java:112)
	at org.springframework.cloud.netflix.eureka.server.EurekaServerBootstrap.contextInitialized(EurekaServerBootstrap.java:70)
	... 2 common frames omitted
2025-02-20 00:05:13 - INFO - Shut down
2025-02-20 00:05:13 - INFO - Shutting down DiscoveryClient ...
2025-02-20 00:05:13 - INFO - Completed shut down of DiscoveryClient
2025-02-20 00:05:13 - INFO - 

Error starting ApplicationContext. To display the condition evaluation report re-run your application with 'debug' enabled.
2025-02-20 00:05:13 - ERROR - 

***************************
APPLICATION FAILED TO START
***************************

Description:

Web server failed to start. Port 8761 was already in use.

Action:

Identify and stop the process that's listening on port 8761 or configure this application to listen on another port.

2025-02-20 01:40:22 - INFO - Starting EurekaServerManagementApplication using Java 23.0.2 with PID 12568 (C:\Users\Administrator\Documents\MAYBANK_PROJECT\eureka-server-management\target\classes started by Administrator in C:\Users\Administrator\Documents\MAYBANK_PROJECT\eureka-server-management)
2025-02-20 01:40:22 - INFO - Starting EurekaServerManagementApplication using Java 23.0.2 with PID 12568 (C:\Users\Administrator\Documents\MAYBANK_PROJECT\eureka-server-management\target\classes started by Administrator in C:\Users\Administrator\Documents\MAYBANK_PROJECT\eureka-server-management)
2025-02-20 01:40:22 - DEBUG - Running with Spring Boot v3.4.2, Spring v6.2.2
2025-02-20 01:40:22 - DEBUG - Running with Spring Boot v3.4.2, Spring v6.2.2
2025-02-20 01:40:22 - INFO - No active profile set, falling back to 1 default profile: "default"
2025-02-20 01:40:22 - INFO - No active profile set, falling back to 1 default profile: "default"
2025-02-20 01:40:28 - INFO - BeanFactory id=50c16807-1c6e-392c-bb47-6eb6429f3762
2025-02-20 01:40:30 - INFO - Tomcat initialized with port 8761 (http)
2025-02-20 01:40:30 - INFO - Initializing ProtocolHandler ["http-nio-8761"]
2025-02-20 01:40:30 - INFO - Starting service [Tomcat]
2025-02-20 01:40:30 - INFO - Starting Servlet engine: [Apache Tomcat/10.1.34]
2025-02-20 01:40:30 - INFO - Initializing Spring embedded WebApplicationContext
2025-02-20 01:40:30 - INFO - Root WebApplicationContext: initialization completed in 7995 ms
2025-02-20 01:40:35 - INFO - Using JSON encoding codec LegacyJacksonJson
2025-02-20 01:40:35 - INFO - Using JSON decoding codec LegacyJacksonJson
2025-02-20 01:40:37 - INFO - Using XML encoding codec XStreamXml
2025-02-20 01:40:37 - INFO - Using XML decoding codec XStreamXml
2025-02-20 01:40:37 - INFO - Failed to set up a Bean Validation provider: jakarta.validation.NoProviderFoundException: Unable to create a Configuration, because no Jakarta Bean Validation provider could be found. Add a provider like Hibernate Validator (RI) to your classpath.
2025-02-20 01:40:41 - WARN - Spring Cloud LoadBalancer is currently working with the default cache. While this cache implementation is useful for development and tests, it's recommended to use Caffeine cache in production.You can switch to using Caffeine cache, by adding it and org.springframework.cache.caffeine.CaffeineCacheManager to the classpath.
2025-02-20 01:40:41 - INFO - Setting initial instance status as: STARTING
2025-02-20 01:40:41 - INFO - Initializing Eureka in region us-east-1
2025-02-20 01:40:41 - INFO - Client configured to neither register nor query for data.
2025-02-20 01:40:41 - INFO - Discovery Client initialized at timestamp 1739986841352 with initial instances count: 0
2025-02-20 01:40:41 - INFO - Initializing ...
2025-02-20 01:40:41 - WARN - The replica size seems to be empty. Check the route 53 DNS Registry
2025-02-20 01:40:41 - INFO - Finished initializing remote region registries. All known remote regions: []
2025-02-20 01:40:41 - INFO - Initialized
2025-02-20 01:40:41 - INFO - Exposing 1 endpoint beneath base path '/actuator'
2025-02-20 01:40:41 - INFO - Registering application UNKNOWN with eureka with status UP
2025-02-20 01:40:41 - INFO - Starting ProtocolHandler ["http-nio-8761"]
2025-02-20 01:40:41 - INFO - Unregistering application UNKNOWN with eureka with status DOWN
2025-02-20 01:40:41 - WARN - Exception encountered during context initialization - cancelling refresh attempt: org.springframework.context.ApplicationContextException: Failed to start bean 'webServerStartStop'
2025-02-20 01:40:41 - INFO - Shutting down ...
2025-02-20 01:40:41 - INFO - isAws returned false
2025-02-20 01:40:41 - INFO - Initialized server context
2025-02-20 01:40:41 - INFO - Got 1 instances from neighboring DS node
2025-02-20 01:40:41 - INFO - Renew threshold is: 1
2025-02-20 01:40:41 - INFO - Changing status to UP
2025-02-20 01:40:41 - INFO - Shut down
2025-02-20 01:40:41 - ERROR - Cannot bootstrap eureka server :
java.lang.IllegalStateException: Timer already cancelled.
	at java.base/java.util.Timer.sched(Timer.java:408)
	at java.base/java.util.Timer.schedule(Timer.java:259)
	at com.netflix.eureka.registry.AbstractInstanceRegistry.postInit(AbstractInstanceRegistry.java:1226)
	at com.netflix.eureka.registry.PeerAwareInstanceRegistryImpl.openForTraffic(PeerAwareInstanceRegistryImpl.java:259)
	at org.springframework.cloud.netflix.eureka.server.InstanceRegistry.openForTraffic(InstanceRegistry.java:77)
	at org.springframework.cloud.netflix.eureka.server.EurekaServerBootstrap.initEurekaServerContext(EurekaServerBootstrap.java:112)
	at org.springframework.cloud.netflix.eureka.server.EurekaServerBootstrap.contextInitialized(EurekaServerBootstrap.java:70)
	at org.springframework.cloud.netflix.eureka.server.EurekaServerInitializerConfiguration.lambda$start$0(EurekaServerInitializerConfiguration.java:67)
	at java.base/java.lang.Thread.run(Thread.java:1575)
2025-02-20 01:40:41 - ERROR - Could not initialize Eureka servlet context
java.lang.RuntimeException: Cannot bootstrap eureka server :
	at org.springframework.cloud.netflix.eureka.server.EurekaServerBootstrap.contextInitialized(EurekaServerBootstrap.java:76)
	at org.springframework.cloud.netflix.eureka.server.EurekaServerInitializerConfiguration.lambda$start$0(EurekaServerInitializerConfiguration.java:67)
	at java.base/java.lang.Thread.run(Thread.java:1575)
Caused by: java.lang.IllegalStateException: Timer already cancelled.
	at java.base/java.util.Timer.sched(Timer.java:408)
	at java.base/java.util.Timer.schedule(Timer.java:259)
	at com.netflix.eureka.registry.AbstractInstanceRegistry.postInit(AbstractInstanceRegistry.java:1226)
	at com.netflix.eureka.registry.PeerAwareInstanceRegistryImpl.openForTraffic(PeerAwareInstanceRegistryImpl.java:259)
	at org.springframework.cloud.netflix.eureka.server.InstanceRegistry.openForTraffic(InstanceRegistry.java:77)
	at org.springframework.cloud.netflix.eureka.server.EurekaServerBootstrap.initEurekaServerContext(EurekaServerBootstrap.java:112)
	at org.springframework.cloud.netflix.eureka.server.EurekaServerBootstrap.contextInitialized(EurekaServerBootstrap.java:70)
	... 2 common frames omitted
2025-02-20 01:40:42 - INFO - Shutting down DiscoveryClient ...
2025-02-20 01:40:42 - INFO - Completed shut down of DiscoveryClient
2025-02-20 01:40:42 - INFO - 

Error starting ApplicationContext. To display the condition evaluation report re-run your application with 'debug' enabled.
2025-02-20 01:40:42 - ERROR - 

***************************
APPLICATION FAILED TO START
***************************

Description:

Web server failed to start. Port 8761 was already in use.

Action:

Identify and stop the process that's listening on port 8761 or configure this application to listen on another port.

2025-02-20 01:42:50 - INFO - Starting EurekaServerManagementApplication using Java 23.0.2 with PID 13500 (C:\Users\Administrator\Documents\MAYBANK_PROJECT\eureka-server-management\target\classes started by Administrator in C:\Users\Administrator\Documents\MAYBANK_PROJECT\eureka-server-management)
2025-02-20 01:42:50 - INFO - Starting EurekaServerManagementApplication using Java 23.0.2 with PID 13500 (C:\Users\Administrator\Documents\MAYBANK_PROJECT\eureka-server-management\target\classes started by Administrator in C:\Users\Administrator\Documents\MAYBANK_PROJECT\eureka-server-management)
2025-02-20 01:42:50 - DEBUG - Running with Spring Boot v3.4.2, Spring v6.2.2
2025-02-20 01:42:50 - DEBUG - Running with Spring Boot v3.4.2, Spring v6.2.2
2025-02-20 01:42:50 - INFO - No active profile set, falling back to 1 default profile: "default"
2025-02-20 01:42:50 - INFO - No active profile set, falling back to 1 default profile: "default"
2025-02-20 01:42:58 - INFO - BeanFactory id=50c16807-1c6e-392c-bb47-6eb6429f3762
2025-02-20 01:43:00 - INFO - Tomcat initialized with port 8762 (http)
2025-02-20 01:43:00 - INFO - Initializing ProtocolHandler ["http-nio-8762"]
2025-02-20 01:43:00 - INFO - Starting service [Tomcat]
2025-02-20 01:43:00 - INFO - Starting Servlet engine: [Apache Tomcat/10.1.34]
2025-02-20 01:43:01 - INFO - Initializing Spring embedded WebApplicationContext
2025-02-20 01:43:01 - INFO - Root WebApplicationContext: initialization completed in 10332 ms
2025-02-20 01:43:05 - INFO - Using JSON encoding codec LegacyJacksonJson
2025-02-20 01:43:05 - INFO - Using JSON decoding codec LegacyJacksonJson
2025-02-20 01:43:07 - INFO - Using XML encoding codec XStreamXml
2025-02-20 01:43:07 - INFO - Using XML decoding codec XStreamXml
2025-02-20 01:43:07 - INFO - Failed to set up a Bean Validation provider: jakarta.validation.NoProviderFoundException: Unable to create a Configuration, because no Jakarta Bean Validation provider could be found. Add a provider like Hibernate Validator (RI) to your classpath.
2025-02-20 01:43:10 - WARN - Spring Cloud LoadBalancer is currently working with the default cache. While this cache implementation is useful for development and tests, it's recommended to use Caffeine cache in production.You can switch to using Caffeine cache, by adding it and org.springframework.cache.caffeine.CaffeineCacheManager to the classpath.
2025-02-20 01:43:10 - INFO - Setting initial instance status as: STARTING
2025-02-20 01:43:11 - INFO - Initializing Eureka in region us-east-1
2025-02-20 01:43:11 - INFO - Client configured to neither register nor query for data.
2025-02-20 01:43:11 - INFO - Discovery Client initialized at timestamp 1739986991016 with initial instances count: 0
2025-02-20 01:43:11 - INFO - Initializing ...
2025-02-20 01:43:11 - WARN - The replica size seems to be empty. Check the route 53 DNS Registry
2025-02-20 01:43:11 - INFO - Finished initializing remote region registries. All known remote regions: []
2025-02-20 01:43:11 - INFO - Initialized
2025-02-20 01:43:11 - INFO - Exposing 1 endpoint beneath base path '/actuator'
2025-02-20 01:43:11 - INFO - Registering application UNKNOWN with eureka with status UP
2025-02-20 01:43:11 - INFO - Starting ProtocolHandler ["http-nio-8762"]
2025-02-20 01:43:11 - INFO - isAws returned false
2025-02-20 01:43:11 - INFO - Initialized server context
2025-02-20 01:43:11 - INFO - Got 1 instances from neighboring DS node
2025-02-20 01:43:11 - INFO - Renew threshold is: 1
2025-02-20 01:43:11 - INFO - Changing status to UP
2025-02-20 01:43:11 - INFO - Started Eureka Server
2025-02-20 01:43:11 - INFO - Tomcat started on port 8762 (http) with context path '/'
2025-02-20 01:43:11 - INFO - Updating port to 8762
2025-02-20 01:43:11 - INFO - Started EurekaServerManagementApplication in 25.49 seconds (process running for 30.27)
2025-02-20 01:43:11 - INFO - Started EurekaServerManagementApplication in 25.49 seconds (process running for 30.27)
2025-02-20 01:44:11 - INFO - Running the evict task with compensationTime 0ms
2025-02-20 01:45:08 - INFO - Initializing Spring DispatcherServlet 'dispatcherServlet'
2025-02-20 01:45:08 - INFO - Initializing Servlet 'dispatcherServlet'
2025-02-20 01:45:08 - INFO - Completed initialization in 5 ms
2025-02-20 01:45:10 - INFO - Registered instance USER-MANAGEMENT/DESKTOP-FIK5SPH.mshome.net:user-management:8070 with status DOWN (replication=false)
2025-02-20 01:45:10 - INFO - Registered instance USER-MANAGEMENT/DESKTOP-FIK5SPH.mshome.net:user-management:8070 with status DOWN (replication=false)
2025-02-20 01:45:10 - INFO - Cancelled instance USER-MANAGEMENT/DESKTOP-FIK5SPH.mshome.net:user-management:8070 (replication=false)
2025-02-20 01:45:11 - INFO - Running the evict task with compensationTime 9ms
2025-02-20 01:45:30 - INFO - Registered instance BOOK-MANAGEMENT/DESKTOP-FIK5SPH.mshome.net:book-management:8071 with status DOWN (replication=false)
2025-02-20 01:45:31 - INFO - Registered instance BOOK-MANAGEMENT/DESKTOP-FIK5SPH.mshome.net:book-management:8071 with status DOWN (replication=false)
2025-02-20 01:45:31 - INFO - Cancelled instance BOOK-MANAGEMENT/DESKTOP-FIK5SPH.mshome.net:book-management:8071 (replication=false)
2025-02-20 01:46:11 - INFO - Running the evict task with compensationTime 1ms
2025-02-20 01:47:11 - INFO - Running the evict task with compensationTime 0ms
2025-02-20 01:48:11 - INFO - Running the evict task with compensationTime 0ms
2025-02-20 01:49:11 - INFO - Running the evict task with compensationTime 6ms
2025-02-20 01:50:11 - INFO - Running the evict task with compensationTime 0ms
2025-02-20 01:51:11 - INFO - Running the evict task with compensationTime 0ms
2025-02-20 01:52:11 - INFO - Running the evict task with compensationTime 24ms
2025-02-20 01:53:11 - WARN - The replica size seems to be empty. Check the route 53 DNS Registry
2025-02-20 01:53:11 - INFO - Running the evict task with compensationTime 155ms
2025-02-20 01:53:37 - INFO - Registered instance BOOK-MANAGEMENT/DESKTOP-FIK5SPH.mshome.net:book-management:8072 with status UP (replication=false)
2025-02-20 01:54:11 - INFO - Running the evict task with compensationTime 0ms
2025-02-20 01:54:27 - INFO - Registered instance USER-MANAGEMENT/DESKTOP-FIK5SPH.mshome.net:user-management:8073 with status UP (replication=false)
2025-02-20 01:55:11 - INFO - Running the evict task with compensationTime 0ms
2025-02-20 01:56:11 - INFO - Running the evict task with compensationTime 0ms
2025-02-20 01:57:11 - INFO - Running the evict task with compensationTime 0ms
2025-02-20 01:58:11 - INFO - Current renewal threshold is : 5
2025-02-20 01:58:11 - INFO - Running the evict task with compensationTime 7ms
2025-02-20 01:59:11 - INFO - Running the evict task with compensationTime 0ms
2025-02-20 02:00:11 - INFO - Running the evict task with compensationTime 0ms
2025-02-20 02:01:11 - INFO - Running the evict task with compensationTime 0ms
2025-02-20 02:02:11 - INFO - Running the evict task with compensationTime 0ms
2025-02-20 02:03:11 - WARN - The replica size seems to be empty. Check the route 53 DNS Registry
2025-02-20 02:03:11 - INFO - Running the evict task with compensationTime 0ms
2025-02-20 02:04:11 - INFO - Running the evict task with compensationTime 0ms
2025-02-20 02:05:11 - INFO - Running the evict task with compensationTime 0ms
2025-02-20 02:05:16 - INFO - Registered instance BOOK-MANAGEMENT/DESKTOP-FIK5SPH.mshome.net:book-management:8072 with status UP (replication=false)
2025-02-20 02:06:11 - INFO - Running the evict task with compensationTime 0ms
2025-02-20 02:07:11 - INFO - Running the evict task with compensationTime 1ms
2025-02-20 02:08:11 - INFO - Running the evict task with compensationTime 0ms
2025-02-20 02:09:11 - INFO - Running the evict task with compensationTime 5ms
2025-02-20 02:09:31 - INFO - Registered instance USER-MANAGEMENT/DESKTOP-FIK5SPH.mshome.net:user-management:8073 with status UP (replication=false)
2025-02-20 02:10:12 - INFO - Running the evict task with compensationTime 53ms
2025-02-20 02:11:12 - INFO - Running the evict task with compensationTime 0ms
2025-02-20 02:12:12 - INFO - Running the evict task with compensationTime 0ms
2025-02-20 02:13:11 - INFO - Current renewal threshold is : 5
2025-02-20 02:13:11 - WARN - The replica size seems to be empty. Check the route 53 DNS Registry
2025-02-20 02:13:12 - INFO - Running the evict task with compensationTime 0ms
2025-02-20 02:14:12 - INFO - Running the evict task with compensationTime 0ms
2025-02-20 02:15:12 - INFO - Running the evict task with compensationTime 4ms
2025-02-20 02:16:12 - INFO - Running the evict task with compensationTime 0ms
2025-02-20 02:17:12 - INFO - Running the evict task with compensationTime 0ms
2025-02-20 02:18:12 - INFO - Running the evict task with compensationTime 591ms
2025-02-20 02:19:00 - INFO - Registered instance BOOK-MANAGEMENT/DESKTOP-FIK5SPH.mshome.net:book-management:8072 with status UP (replication=false)
2025-02-20 02:19:12 - INFO - Running the evict task with compensationTime 0ms
2025-02-20 02:20:12 - INFO - Running the evict task with compensationTime 0ms
2025-02-20 02:21:12 - INFO - Running the evict task with compensationTime 0ms
2025-02-20 02:21:13 - INFO - Registered instance USER-MANAGEMENT/DESKTOP-FIK5SPH.mshome.net:user-management:8073 with status DOWN (replication=false)
2025-02-20 02:22:12 - INFO - Running the evict task with compensationTime 12ms
2025-02-20 02:23:01 - INFO - Registered instance USER-MANAGEMENT/DESKTOP-FIK5SPH.mshome.net:user-management:8073 with status UP (replication=false)
2025-02-20 02:23:11 - WARN - The replica size seems to be empty. Check the route 53 DNS Registry
2025-02-20 02:23:12 - INFO - Running the evict task with compensationTime 0ms
2025-02-20 02:24:12 - INFO - Running the evict task with compensationTime 0ms
2025-02-20 02:25:12 - INFO - Running the evict task with compensationTime 0ms
2025-02-20 02:26:12 - INFO - Running the evict task with compensationTime 0ms
2025-02-20 02:27:12 - INFO - Running the evict task with compensationTime 0ms
2025-02-20 02:28:11 - INFO - Current renewal threshold is : 5
2025-02-20 02:28:12 - INFO - Running the evict task with compensationTime 0ms
2025-02-20 02:29:12 - INFO - Running the evict task with compensationTime 3ms
2025-02-20 02:30:12 - INFO - Running the evict task with compensationTime 19ms
2025-02-20 20:05:44 - INFO - Starting EurekaServerManagementApplication using Java 23.0.2 with PID 12676 (C:\Users\Administrator\Pictures\MAYBANK_PROJECT_BACKUP\eureka-server-management\target\classes started by Administrator in C:\Users\Administrator\Pictures\MAYBANK_PROJECT_BACKUP\eureka-server-management)
2025-02-20 20:05:44 - INFO - Starting EurekaServerManagementApplication using Java 23.0.2 with PID 12676 (C:\Users\Administrator\Pictures\MAYBANK_PROJECT_BACKUP\eureka-server-management\target\classes started by Administrator in C:\Users\Administrator\Pictures\MAYBANK_PROJECT_BACKUP\eureka-server-management)
2025-02-20 20:05:44 - DEBUG - Running with Spring Boot v3.4.2, Spring v6.2.2
2025-02-20 20:05:44 - DEBUG - Running with Spring Boot v3.4.2, Spring v6.2.2
2025-02-20 20:05:44 - INFO - No active profile set, falling back to 1 default profile: "default"
2025-02-20 20:05:44 - INFO - No active profile set, falling back to 1 default profile: "default"
2025-02-20 20:05:48 - INFO - BeanFactory id=50c16807-1c6e-392c-bb47-6eb6429f3762
2025-02-20 20:05:50 - INFO - Tomcat initialized with port 8762 (http)
2025-02-20 20:05:50 - INFO - Initializing ProtocolHandler ["http-nio-8762"]
2025-02-20 20:05:50 - INFO - Starting service [Tomcat]
2025-02-20 20:05:50 - INFO - Starting Servlet engine: [Apache Tomcat/10.1.34]
2025-02-20 20:05:51 - INFO - Initializing Spring embedded WebApplicationContext
2025-02-20 20:05:51 - INFO - Root WebApplicationContext: initialization completed in 6303 ms
2025-02-20 20:05:54 - INFO - Using JSON encoding codec LegacyJacksonJson
2025-02-20 20:05:54 - INFO - Using JSON decoding codec LegacyJacksonJson
2025-02-20 20:05:55 - INFO - Using XML encoding codec XStreamXml
2025-02-20 20:05:55 - INFO - Using XML decoding codec XStreamXml
2025-02-20 20:05:56 - INFO - Failed to set up a Bean Validation provider: jakarta.validation.NoProviderFoundException: Unable to create a Configuration, because no Jakarta Bean Validation provider could be found. Add a provider like Hibernate Validator (RI) to your classpath.
2025-02-20 20:05:58 - WARN - Spring Cloud LoadBalancer is currently working with the default cache. While this cache implementation is useful for development and tests, it's recommended to use Caffeine cache in production.You can switch to using Caffeine cache, by adding it and org.springframework.cache.caffeine.CaffeineCacheManager to the classpath.
2025-02-20 20:05:59 - INFO - Setting initial instance status as: STARTING
2025-02-20 20:05:59 - INFO - Initializing Eureka in region us-east-1
2025-02-20 20:05:59 - INFO - Client configured to neither register nor query for data.
2025-02-20 20:05:59 - INFO - Discovery Client initialized at timestamp 1740053159118 with initial instances count: 0
2025-02-20 20:05:59 - INFO - Initializing ...
2025-02-20 20:05:59 - WARN - The replica size seems to be empty. Check the route 53 DNS Registry
2025-02-20 20:05:59 - INFO - Finished initializing remote region registries. All known remote regions: []
2025-02-20 20:05:59 - INFO - Initialized
2025-02-20 20:05:59 - INFO - Exposing 1 endpoint beneath base path '/actuator'
2025-02-20 20:05:59 - INFO - Registering application UNKNOWN with eureka with status UP
2025-02-20 20:05:59 - INFO - Starting ProtocolHandler ["http-nio-8762"]
2025-02-20 20:05:59 - INFO - isAws returned false
2025-02-20 20:05:59 - INFO - Initialized server context
2025-02-20 20:05:59 - INFO - Got 1 instances from neighboring DS node
2025-02-20 20:05:59 - INFO - Renew threshold is: 1
2025-02-20 20:05:59 - INFO - Changing status to UP
2025-02-20 20:05:59 - INFO - Started Eureka Server
2025-02-20 20:05:59 - INFO - Tomcat started on port 8762 (http) with context path '/'
2025-02-20 20:05:59 - INFO - Updating port to 8762
2025-02-20 20:05:59 - INFO - Started EurekaServerManagementApplication in 19.301 seconds (process running for 34.148)
2025-02-20 20:05:59 - INFO - Started EurekaServerManagementApplication in 19.301 seconds (process running for 34.148)
2025-02-20 20:06:59 - INFO - Initializing Spring DispatcherServlet 'dispatcherServlet'
2025-02-20 20:06:59 - INFO - Initializing Servlet 'dispatcherServlet'
2025-02-20 20:06:59 - INFO - Completed initialization in 6 ms
2025-02-20 20:06:59 - INFO - Running the evict task with compensationTime 0ms
2025-02-20 20:07:00 - INFO - Registered instance BOOK-MANAGEMENT/DESKTOP-FIK5SPH:book-management:8072 with status UP (replication=false)
2025-02-20 20:07:59 - INFO - Running the evict task with compensationTime 10ms
2025-02-20 20:08:59 - INFO - Running the evict task with compensationTime 0ms
2025-02-20 20:09:10 - INFO - Registered instance USER-MANAGEMENT/DESKTOP-FIK5SPH:user-management:8073 with status UP (replication=false)
2025-02-20 20:09:59 - INFO - Running the evict task with compensationTime 15ms
2025-02-20 20:10:08 - INFO - Registered instance BOOK-MANAGEMENT/DESKTOP-FIK5SPH:book-management:8072 with status DOWN (replication=false)
2025-02-20 20:10:11 - INFO - Cancelled instance BOOK-MANAGEMENT/DESKTOP-FIK5SPH:book-management:8072 (replication=false)
2025-02-20 20:10:18 - INFO - Registered instance USER-MANAGEMENT/DESKTOP-FIK5SPH:user-management:8073 with status DOWN (replication=false)
2025-02-20 20:10:21 - INFO - Cancelled instance USER-MANAGEMENT/DESKTOP-FIK5SPH:user-management:8073 (replication=false)
2025-02-20 20:10:59 - INFO - Running the evict task with compensationTime 0ms
2025-02-20 20:11:06 - INFO - Registered instance BOOK-MANAGEMENT/DESKTOP-FIK5SPH:book-management:8072 with status UP (replication=false)
2025-02-20 20:11:59 - INFO - Running the evict task with compensationTime 45ms
2025-02-20 20:12:52 - INFO - Registered instance USER-MANAGEMENT/DESKTOP-FIK5SPH:user-management:8073 with status UP (replication=false)
2025-02-20 20:12:59 - INFO - Running the evict task with compensationTime 0ms
2025-02-20 20:13:59 - INFO - Running the evict task with compensationTime 2ms
2025-02-20 20:14:59 - INFO - Running the evict task with compensationTime 11ms
2025-02-20 20:15:59 - WARN - The replica size seems to be empty. Check the route 53 DNS Registry
2025-02-20 20:15:59 - INFO - Running the evict task with compensationTime 0ms
2025-02-20 20:17:00 - INFO - Running the evict task with compensationTime 618ms
2025-02-20 20:18:00 - INFO - Running the evict task with compensationTime 24ms
2025-02-20 20:19:00 - INFO - Running the evict task with compensationTime 5ms
2025-02-20 20:20:00 - INFO - Running the evict task with compensationTime 0ms
2025-02-20 20:20:59 - INFO - Current renewal threshold is : 5
2025-02-20 20:21:00 - INFO - Running the evict task with compensationTime 0ms
2025-02-20 20:22:00 - INFO - Running the evict task with compensationTime 46ms
2025-02-20 20:22:19 - INFO - Registered instance USER-MANAGEMENT/DESKTOP-FIK5SPH:user-management:8073 with status DOWN (replication=false)
2025-02-20 20:23:00 - INFO - Running the evict task with compensationTime 0ms
2025-02-20 20:24:00 - INFO - Running the evict task with compensationTime 0ms
2025-02-20 20:24:38 - INFO - Registered instance USER-MANAGEMENT/DESKTOP-FIK5SPH:user-management:8073 with status UP (replication=false)
2025-02-20 20:25:00 - INFO - Running the evict task with compensationTime 2ms
2025-02-20 20:25:59 - WARN - The replica size seems to be empty. Check the route 53 DNS Registry
2025-02-20 20:26:00 - INFO - Running the evict task with compensationTime 0ms
2025-02-20 20:27:00 - INFO - Running the evict task with compensationTime 27ms
2025-02-20 20:28:00 - INFO - Running the evict task with compensationTime 0ms
2025-02-20 20:29:00 - INFO - Running the evict task with compensationTime 0ms
2025-02-20 20:30:00 - INFO - Running the evict task with compensationTime 0ms
2025-02-20 20:30:34 - INFO - Registered instance USER-MANAGEMENT/DESKTOP-FIK5SPH:user-management:8073 with status UP (replication=false)
2025-02-20 20:31:00 - INFO - Running the evict task with compensationTime 0ms
2025-02-20 20:32:00 - INFO - Running the evict task with compensationTime 0ms
2025-02-20 20:33:00 - INFO - Running the evict task with compensationTime 0ms
2025-02-20 20:34:00 - INFO - Running the evict task with compensationTime 0ms
2025-02-20 20:35:00 - INFO - Running the evict task with compensationTime 0ms
2025-02-20 20:35:59 - WARN - The replica size seems to be empty. Check the route 53 DNS Registry
2025-02-20 20:35:59 - INFO - Current renewal threshold is : 5
2025-02-20 20:36:00 - INFO - Running the evict task with compensationTime 0ms
2025-02-20 20:37:00 - INFO - Running the evict task with compensationTime 0ms
2025-02-20 20:38:00 - INFO - Running the evict task with compensationTime 0ms
2025-02-20 20:39:00 - INFO - Running the evict task with compensationTime 0ms
2025-02-20 20:40:00 - INFO - Running the evict task with compensationTime 0ms
2025-02-20 20:41:00 - INFO - Running the evict task with compensationTime 0ms
2025-02-20 20:42:00 - INFO - Running the evict task with compensationTime 0ms
2025-02-20 20:43:00 - INFO - Running the evict task with compensationTime 0ms
2025-02-20 20:44:00 - INFO - Running the evict task with compensationTime 0ms
2025-02-20 20:45:00 - INFO - Running the evict task with compensationTime 4ms
2025-02-20 20:45:59 - WARN - The replica size seems to be empty. Check the route 53 DNS Registry
2025-02-20 20:46:00 - INFO - Running the evict task with compensationTime 0ms
2025-02-20 20:47:00 - INFO - Running the evict task with compensationTime 0ms
2025-02-20 20:48:00 - INFO - Running the evict task with compensationTime 0ms
2025-02-20 20:49:00 - INFO - Running the evict task with compensationTime 0ms
2025-02-20 20:50:00 - INFO - Running the evict task with compensationTime 0ms
2025-02-20 20:50:59 - INFO - Current renewal threshold is : 5
2025-02-20 20:51:00 - INFO - Running the evict task with compensationTime 5ms
2025-02-20 20:51:25 - INFO - Registered instance USER-MANAGEMENT/DESKTOP-FIK5SPH:user-management:8073 with status UP (replication=false)
2025-02-20 20:52:00 - INFO - Running the evict task with compensationTime 0ms
2025-02-20 20:53:00 - INFO - Running the evict task with compensationTime 0ms
2025-02-20 20:54:00 - INFO - Running the evict task with compensationTime 7ms
2025-02-20 20:55:00 - INFO - Running the evict task with compensationTime 1ms
2025-02-20 20:55:59 - WARN - The replica size seems to be empty. Check the route 53 DNS Registry
2025-02-20 20:56:00 - INFO - Running the evict task with compensationTime 0ms
2025-02-20 20:57:00 - INFO - Running the evict task with compensationTime 3ms
2025-02-20 20:58:00 - INFO - Running the evict task with compensationTime 3ms
2025-02-20 20:59:00 - INFO - Running the evict task with compensationTime 0ms
2025-02-20 20:59:47 - INFO - Registered instance BOOK-MANAGEMENT/DESKTOP-FIK5SPH:book-management:8072 with status DOWN (replication=false)
2025-02-20 21:00:00 - INFO - Running the evict task with compensationTime 9ms
2025-02-20 21:01:00 - INFO - Running the evict task with compensationTime 4ms
2025-02-20 21:01:40 - INFO - Registered instance BOOK-MANAGEMENT/DESKTOP-FIK5SPH:book-management:8072 with status UP (replication=false)
2025-02-20 21:02:00 - INFO - Running the evict task with compensationTime 5ms
2025-02-20 21:03:00 - INFO - Running the evict task with compensationTime 2ms
2025-02-20 21:03:37 - INFO - Registered instance BOOK-MANAGEMENT/DESKTOP-FIK5SPH:book-management:8072 with status DOWN (replication=false)
2025-02-20 21:04:00 - INFO - Running the evict task with compensationTime 15ms
2025-02-20 21:04:12 - INFO - Registered instance BOOK-MANAGEMENT/DESKTOP-FIK5SPH:book-management:8072 with status UP (replication=false)
2025-02-20 21:05:00 - INFO - Running the evict task with compensationTime 0ms
2025-02-20 21:05:59 - WARN - The replica size seems to be empty. Check the route 53 DNS Registry
2025-02-20 21:05:59 - INFO - Current renewal threshold is : 5
2025-02-20 21:06:00 - INFO - Running the evict task with compensationTime 0ms
2025-02-20 21:07:00 - INFO - Running the evict task with compensationTime 0ms
2025-02-20 21:08:00 - INFO - Running the evict task with compensationTime 0ms
2025-02-20 21:09:00 - INFO - Running the evict task with compensationTime 0ms
2025-02-20 21:10:00 - INFO - Running the evict task with compensationTime 1ms
2025-02-20 21:11:00 - INFO - Running the evict task with compensationTime 0ms
2025-02-20 21:12:00 - INFO - Running the evict task with compensationTime 0ms
2025-02-20 21:13:00 - INFO - Running the evict task with compensationTime 0ms
2025-02-20 21:14:00 - INFO - Running the evict task with compensationTime 0ms
2025-02-20 21:15:00 - INFO - Running the evict task with compensationTime 0ms
2025-02-20 21:15:59 - WARN - The replica size seems to be empty. Check the route 53 DNS Registry
2025-02-20 21:16:00 - INFO - Running the evict task with compensationTime 0ms
2025-02-20 21:17:00 - INFO - Running the evict task with compensationTime 0ms
2025-02-20 21:18:00 - INFO - Running the evict task with compensationTime 1ms
2025-02-20 21:19:00 - INFO - Running the evict task with compensationTime 0ms
2025-02-20 21:20:00 - INFO - Running the evict task with compensationTime 0ms
2025-02-20 21:20:59 - INFO - Current renewal threshold is : 5
2025-02-20 21:21:00 - INFO - Running the evict task with compensationTime 0ms
2025-02-20 21:22:00 - INFO - Running the evict task with compensationTime 0ms
2025-02-20 21:23:00 - INFO - Running the evict task with compensationTime 5ms
2025-02-20 21:24:00 - INFO - Registered instance USER-MANAGEMENT/DESKTOP-FIK5SPH:user-management:8073 with status UP (replication=false)
2025-02-20 21:24:00 - INFO - Running the evict task with compensationTime 0ms
2025-02-20 21:25:00 - INFO - Running the evict task with compensationTime 7ms
2025-02-20 21:25:59 - WARN - The replica size seems to be empty. Check the route 53 DNS Registry
2025-02-20 21:26:00 - INFO - Running the evict task with compensationTime 7ms
2025-02-20 21:26:11 - INFO - Registered instance USER-MANAGEMENT/DESKTOP-FIK5SPH:user-management:8073 with status DOWN (replication=false)
2025-02-20 21:27:00 - INFO - Running the evict task with compensationTime 11ms
2025-02-20 21:27:32 - INFO - Registered instance USER-MANAGEMENT/DESKTOP-FIK5SPH:user-management:8073 with status UP (replication=false)
2025-02-20 21:28:00 - INFO - Running the evict task with compensationTime 0ms
2025-02-20 21:29:00 - INFO - Running the evict task with compensationTime 0ms
2025-02-20 21:30:00 - INFO - Running the evict task with compensationTime 10ms
2025-02-20 21:31:00 - INFO - Running the evict task with compensationTime 13ms
2025-02-20 21:32:00 - INFO - Running the evict task with compensationTime 10ms
2025-02-20 21:33:00 - INFO - Running the evict task with compensationTime 6ms
2025-02-20 21:34:00 - INFO - Running the evict task with compensationTime 9ms
2025-02-20 21:34:34 - INFO - Registered instance BOOK-MANAGEMENT/DESKTOP-FIK5SPH:book-management:8072 with status DOWN (replication=false)
2025-02-20 21:35:00 - INFO - Running the evict task with compensationTime 16ms
2025-02-20 21:35:51 - INFO - Registered instance BOOK-MANAGEMENT/DESKTOP-FIK5SPH:book-management:8072 with status UP (replication=false)
2025-02-20 21:35:59 - WARN - The replica size seems to be empty. Check the route 53 DNS Registry
2025-02-20 21:35:59 - INFO - Current renewal threshold is : 5
2025-02-20 21:36:00 - INFO - Running the evict task with compensationTime 1ms
2025-02-20 21:37:00 - INFO - Running the evict task with compensationTime 0ms
2025-02-20 21:38:00 - INFO - Running the evict task with compensationTime 0ms
2025-02-20 21:39:00 - INFO - Running the evict task with compensationTime 0ms
2025-02-20 21:40:00 - INFO - Running the evict task with compensationTime 1ms
2025-02-20 21:41:00 - INFO - Running the evict task with compensationTime 0ms
2025-02-20 21:42:00 - INFO - Running the evict task with compensationTime 0ms
2025-02-20 21:42:30 - INFO - Registered instance BOOK-MANAGEMENT/DESKTOP-FIK5SPH:book-management:8072 with status DOWN (replication=false)
2025-02-20 21:43:00 - INFO - Running the evict task with compensationTime 56ms
2025-02-20 21:43:19 - INFO - Registered instance BOOK-MANAGEMENT/DESKTOP-FIK5SPH:book-management:8072 with status UP (replication=false)
2025-02-20 21:44:00 - INFO - Running the evict task with compensationTime 0ms
2025-02-20 21:45:00 - INFO - Running the evict task with compensationTime 0ms
2025-02-20 21:45:57 - INFO - Registered instance USER-MANAGEMENT/DESKTOP-FIK5SPH:user-management:8073 with status DOWN (replication=false)
2025-02-20 21:45:59 - WARN - The replica size seems to be empty. Check the route 53 DNS Registry
2025-02-20 21:46:00 - INFO - Running the evict task with compensationTime 0ms
2025-02-20 21:47:00 - INFO - Running the evict task with compensationTime 0ms
2025-02-20 21:48:00 - INFO - Running the evict task with compensationTime 0ms
2025-02-20 21:49:00 - INFO - Running the evict task with compensationTime 0ms
2025-02-20 21:50:00 - INFO - Running the evict task with compensationTime 14ms
2025-02-20 23:49:11 - INFO - Starting EurekaServerManagementApplication using Java 23.0.2 with PID 5412 (C:\Users\Administrator\Music\Application Forms\maybank-task-repo\MS\maybank-task-repo\run-as-microservices-docker\eureka-server-management\target\classes started by Administrator in C:\Users\Administrator\Music\Application Forms\maybank-task-repo\MS\maybank-task-repo\run-as-microservices-docker\eureka-server-management)
2025-02-20 23:49:11 - INFO - Starting EurekaServerManagementApplication using Java 23.0.2 with PID 5412 (C:\Users\Administrator\Music\Application Forms\maybank-task-repo\MS\maybank-task-repo\run-as-microservices-docker\eureka-server-management\target\classes started by Administrator in C:\Users\Administrator\Music\Application Forms\maybank-task-repo\MS\maybank-task-repo\run-as-microservices-docker\eureka-server-management)
2025-02-20 23:49:11 - DEBUG - Running with Spring Boot v3.4.2, Spring v6.2.2
2025-02-20 23:49:11 - DEBUG - Running with Spring Boot v3.4.2, Spring v6.2.2
2025-02-20 23:49:11 - INFO - No active profile set, falling back to 1 default profile: "default"
2025-02-20 23:49:11 - INFO - No active profile set, falling back to 1 default profile: "default"
2025-02-20 23:49:18 - INFO - BeanFactory id=50c16807-1c6e-392c-bb47-6eb6429f3762
2025-02-20 23:49:19 - INFO - Tomcat initialized with port 8762 (http)
2025-02-20 23:49:19 - INFO - Initializing ProtocolHandler ["http-nio-8762"]
2025-02-20 23:49:19 - INFO - Starting service [Tomcat]
2025-02-20 23:49:19 - INFO - Starting Servlet engine: [Apache Tomcat/10.1.34]
2025-02-20 23:49:20 - INFO - Initializing Spring embedded WebApplicationContext
2025-02-20 23:49:20 - INFO - Root WebApplicationContext: initialization completed in 7791 ms
2025-02-20 23:49:25 - INFO - Using JSON encoding codec LegacyJacksonJson
2025-02-20 23:49:25 - INFO - Using JSON decoding codec LegacyJacksonJson
2025-02-20 23:49:26 - INFO - Using XML encoding codec XStreamXml
2025-02-20 23:49:26 - INFO - Using XML decoding codec XStreamXml
2025-02-20 23:49:27 - INFO - Failed to set up a Bean Validation provider: jakarta.validation.NoProviderFoundException: Unable to create a Configuration, because no Jakarta Bean Validation provider could be found. Add a provider like Hibernate Validator (RI) to your classpath.
2025-02-20 23:49:30 - WARN - Spring Cloud LoadBalancer is currently working with the default cache. While this cache implementation is useful for development and tests, it's recommended to use Caffeine cache in production.You can switch to using Caffeine cache, by adding it and org.springframework.cache.caffeine.CaffeineCacheManager to the classpath.
2025-02-20 23:49:30 - INFO - Setting initial instance status as: STARTING
2025-02-20 23:49:30 - INFO - Initializing Eureka in region us-east-1
2025-02-20 23:49:30 - INFO - Client configured to neither register nor query for data.
2025-02-20 23:49:30 - INFO - Discovery Client initialized at timestamp 1740066570396 with initial instances count: 0
2025-02-20 23:49:30 - INFO - Initializing ...
2025-02-20 23:49:30 - WARN - The replica size seems to be empty. Check the route 53 DNS Registry
2025-02-20 23:49:30 - INFO - Finished initializing remote region registries. All known remote regions: []
2025-02-20 23:49:30 - INFO - Initialized
2025-02-20 23:49:30 - INFO - Exposing 1 endpoint beneath base path '/actuator'
2025-02-20 23:49:30 - INFO - Registering application UNKNOWN with eureka with status UP
2025-02-20 23:49:30 - INFO - Starting ProtocolHandler ["http-nio-8762"]
2025-02-20 23:49:30 - INFO - isAws returned false
2025-02-20 23:49:30 - INFO - Initialized server context
2025-02-20 23:49:30 - INFO - Got 1 instances from neighboring DS node
2025-02-20 23:49:30 - INFO - Renew threshold is: 1
2025-02-20 23:49:30 - INFO - Changing status to UP
2025-02-20 23:49:30 - INFO - Started Eureka Server
2025-02-20 23:49:30 - INFO - Tomcat started on port 8762 (http) with context path '/'
2025-02-20 23:49:30 - INFO - Updating port to 8762
2025-02-20 23:49:30 - INFO - Started EurekaServerManagementApplication in 21.636 seconds (process running for 26.255)
2025-02-20 23:49:30 - INFO - Started EurekaServerManagementApplication in 21.636 seconds (process running for 26.255)
2025-02-20 23:49:32 - INFO - Initializing Spring DispatcherServlet 'dispatcherServlet'
2025-02-20 23:49:32 - INFO - Initializing Servlet 'dispatcherServlet'
2025-02-20 23:49:32 - INFO - Completed initialization in 5 ms
2025-02-20 23:49:33 - WARN - DS: Registry: lease doesn't exist, registering resource: USER-MANAGEMENT - DESKTOP-FIK5SPH.mshome.net:user-management:8073
2025-02-20 23:49:33 - WARN - Not Found (Renew): USER-MANAGEMENT - DESKTOP-FIK5SPH.mshome.net:user-management:8073
2025-02-20 23:49:33 - INFO - Registered instance USER-MANAGEMENT/DESKTOP-FIK5SPH.mshome.net:user-management:8073 with status UP (replication=false)
2025-02-20 23:49:33 - INFO - Registered instance USER-MANAGEMENT/DESKTOP-FIK5SPH.mshome.net:user-management:8073 with status UP (replication=false)
2025-02-20 23:50:30 - INFO - Running the evict task with compensationTime 0ms
2025-02-20 23:51:30 - INFO - Running the evict task with compensationTime 5ms
2025-02-20 23:52:30 - INFO - Running the evict task with compensationTime 12ms
2025-02-20 23:53:27 - INFO - Registered instance BOOK-MANAGEMENT/DESKTOP-FIK5SPH.mshome.net:book-management:8072 with status UP (replication=false)
2025-02-20 23:53:30 - INFO - Running the evict task with compensationTime 1ms
2025-02-20 23:54:30 - INFO - Running the evict task with compensationTime 0ms
2025-02-20 23:55:30 - INFO - Running the evict task with compensationTime 8ms
2025-02-20 23:56:30 - INFO - Running the evict task with compensationTime 13ms
2025-02-20 23:56:41 - INFO - Registered instance USER-MANAGEMENT/DESKTOP-FIK5SPH.mshome.net:user-management:8073 with status DOWN (replication=false)
2025-02-20 23:56:45 - INFO - Cancelled instance USER-MANAGEMENT/DESKTOP-FIK5SPH.mshome.net:user-management:8073 (replication=false)
2025-02-20 23:57:30 - INFO - Running the evict task with compensationTime 0ms
